<?xml version="1.0" encoding="UTF-8"?>
<!-- Generated by org.testng.reporters.JUnitReportReporter -->
<testsuite hostname="DESKTOP-REIFIRU" failures="0" tests="5" name="com.qa.honohr.TC_02_HomePage" time="2.333" errors="1" timestamp="07 Sep 2020 03:36:39 GMT" skipped="4">
  <testcase classname="com.qa.honohr.TC_02_HomePage" name="SetUp" time="2.333">
    <error message="session not created: This version of ChromeDriver only supports Chrome version 83
Build info: version: &#039;3.5.3&#039;, revision: &#039;a88d25fe6b&#039;, time: &#039;2017-08-29T12:42:44.417Z&#039;
System info: host: &#039;DESKTOP-REIFIRU&#039;, ip: &#039;192.168.0.106&#039;, os.name: &#039;Windows 10&#039;, os.arch: &#039;amd64&#039;, os.version: &#039;10.0&#039;, java.version: &#039;13.0.2&#039;
Driver info: driver.version: ChromeDriver
remote stacktrace: Backtrace:
	Ordinal0 [0x01259563+2725219]
	Ordinal0 [0x01158551+1672529]
	Ordinal0 [0x01040359+525145]
	Ordinal0 [0x00FD0B77+68471]
	Ordinal0 [0x00FCD32C+54060]
	Ordinal0 [0x00FECC37+183351]
	Ordinal0 [0x00FECA3D+182845]
	Ordinal0 [0x00FEA94B+174411]
	Ordinal0 [0x00FD2528+75048]
	Ordinal0 [0x00FD35A0+79264]
	Ordinal0 [0x00FD3539+79161]
	Ordinal0 [0x0116D607+1758727]
	GetHandleVerifier [0x01376546+1050150]
	GetHandleVerifier [0x01376291+1049457]
	GetHandleVerifier [0x013810D7+1094071]
	GetHandleVerifier [0x01376B46+1051686]
	Ordinal0 [0x01165B06+1727238]
	Ordinal0 [0x0116EB7B+1764219]
	Ordinal0 [0x0116ECE3+1764579]
	Ordinal0 [0x01184C05+1854469]
	BaseThreadInitThunk [0x74BC6359+25]
	RtlGetAppContainerNamedObjectPath [0x77427C24+228]
	RtlGetAppContainerNamedObjectPath [0x77427BF4+180]
" type="org.openqa.selenium.SessionNotCreatedException">
      <![CDATA[org.openqa.selenium.SessionNotCreatedException: session not created: This version of ChromeDriver only supports Chrome version 83
Build info: version: '3.5.3', revision: 'a88d25fe6b', time: '2017-08-29T12:42:44.417Z'
System info: host: 'DESKTOP-REIFIRU', ip: '192.168.0.106', os.name: 'Windows 10', os.arch: 'amd64', os.version: '10.0', java.version: '13.0.2'
Driver info: driver.version: ChromeDriver
remote stacktrace: Backtrace:
	Ordinal0 [0x01259563+2725219]
	Ordinal0 [0x01158551+1672529]
	Ordinal0 [0x01040359+525145]
	Ordinal0 [0x00FD0B77+68471]
	Ordinal0 [0x00FCD32C+54060]
	Ordinal0 [0x00FECC37+183351]
	Ordinal0 [0x00FECA3D+182845]
	Ordinal0 [0x00FEA94B+174411]
	Ordinal0 [0x00FD2528+75048]
	Ordinal0 [0x00FD35A0+79264]
	Ordinal0 [0x00FD3539+79161]
	Ordinal0 [0x0116D607+1758727]
	GetHandleVerifier [0x01376546+1050150]
	GetHandleVerifier [0x01376291+1049457]
	GetHandleVerifier [0x013810D7+1094071]
	GetHandleVerifier [0x01376B46+1051686]
	Ordinal0 [0x01165B06+1727238]
	Ordinal0 [0x0116EB7B+1764219]
	Ordinal0 [0x0116ECE3+1764579]
	Ordinal0 [0x01184C05+1854469]
	BaseThreadInitThunk [0x74BC6359+25]
	RtlGetAppContainerNamedObjectPath [0x77427C24+228]
	RtlGetAppContainerNamedObjectPath [0x77427BF4+180]

	at java.base/jdk.internal.reflect.NativeConstructorAccessorImpl.newInstance0(Native Method)
	at java.base/jdk.internal.reflect.NativeConstructorAccessorImpl.newInstance(NativeConstructorAccessorImpl.java:62)
	at java.base/jdk.internal.reflect.DelegatingConstructorAccessorImpl.newInstance(DelegatingConstructorAccessorImpl.java:45)
	at java.base/java.lang.reflect.Constructor.newInstanceWithCaller(Constructor.java:500)
	at java.base/java.lang.reflect.Constructor.newInstance(Constructor.java:481)
	at org.openqa.selenium.remote.W3CHandshakeResponse.lambda$new$0(W3CHandshakeResponse.java:57)
	at org.openqa.selenium.remote.W3CHandshakeResponse.lambda$getResponseFunction$2(W3CHandshakeResponse.java:104)
	at org.openqa.selenium.remote.ProtocolHandshake.lambda$createSession$24(ProtocolHandshake.java:359)
	at java.base/java.util.stream.ReferencePipeline$3$1.accept(ReferencePipeline.java:195)
	at java.base/java.util.Spliterators$ArraySpliterator.tryAdvance(Spliterators.java:958)
	at java.base/java.util.stream.ReferencePipeline.forEachWithCancel(ReferencePipeline.java:127)
	at java.base/java.util.stream.AbstractPipeline.copyIntoWithCancel(AbstractPipeline.java:502)
	at java.base/java.util.stream.AbstractPipeline.copyInto(AbstractPipeline.java:488)
	at java.base/java.util.stream.AbstractPipeline.wrapAndCopyInto(AbstractPipeline.java:474)
	at java.base/java.util.stream.FindOps$FindOp.evaluateSequential(FindOps.java:150)
	at java.base/java.util.stream.AbstractPipeline.evaluate(AbstractPipeline.java:234)
	at java.base/java.util.stream.ReferencePipeline.findFirst(ReferencePipeline.java:543)
	at org.openqa.selenium.remote.ProtocolHandshake.createSession(ProtocolHandshake.java:362)
	at org.openqa.selenium.remote.ProtocolHandshake.createSession(ProtocolHandshake.java:136)
	at org.openqa.selenium.remote.HttpCommandExecutor.execute(HttpCommandExecutor.java:142)
	at org.openqa.selenium.remote.service.DriverCommandExecutor.execute(DriverCommandExecutor.java:82)
	at org.openqa.selenium.remote.RemoteWebDriver.execute(RemoteWebDriver.java:646)
	at org.openqa.selenium.remote.RemoteWebDriver.startSession(RemoteWebDriver.java:255)
	at org.openqa.selenium.remote.RemoteWebDriver.startSession(RemoteWebDriver.java:237)
	at org.openqa.selenium.remote.RemoteWebDriver.<init>(RemoteWebDriver.java:138)
	at org.openqa.selenium.chrome.ChromeDriver.<init>(ChromeDriver.java:178)
	at org.openqa.selenium.chrome.ChromeDriver.<init>(ChromeDriver.java:167)
	at org.openqa.selenium.chrome.ChromeDriver.<init>(ChromeDriver.java:124)
	at com.qa.TestBase.TestBase.SetUp(TestBase.java:42)
	at java.base/jdk.internal.reflect.NativeMethodAccessorImpl.invoke0(Native Method)
	at java.base/jdk.internal.reflect.NativeMethodAccessorImpl.invoke(NativeMethodAccessorImpl.java:62)
	at java.base/jdk.internal.reflect.DelegatingMethodAccessorImpl.invoke(DelegatingMethodAccessorImpl.java:43)
	at java.base/java.lang.reflect.Method.invoke(Method.java:567)
	at org.testng.internal.MethodInvocationHelper.invokeMethod(MethodInvocationHelper.java:108)
	at org.testng.internal.Invoker.invokeConfigurationMethod(Invoker.java:523)
	at org.testng.internal.Invoker.invokeConfigurations(Invoker.java:224)
	at org.testng.internal.Invoker.invokeConfigurations(Invoker.java:146)
	at org.testng.internal.TestMethodWorker.invokeBeforeClassMethods(TestMethodWorker.java:166)
	at org.testng.internal.TestMethodWorker.run(TestMethodWorker.java:105)
	at org.testng.TestRunner.privateRun(TestRunner.java:744)
	at org.testng.TestRunner.run(TestRunner.java:602)
	at org.testng.SuiteRunner.runTest(SuiteRunner.java:380)
	at org.testng.SuiteRunner.runSequentially(SuiteRunner.java:375)
	at org.testng.SuiteRunner.privateRun(SuiteRunner.java:340)
	at org.testng.SuiteRunner.run(SuiteRunner.java:289)
	at org.testng.SuiteRunnerWorker.runSuite(SuiteRunnerWorker.java:52)
	at org.testng.SuiteRunnerWorker.run(SuiteRunnerWorker.java:86)
	at org.testng.TestNG.runSuitesSequentially(TestNG.java:1301)
	at org.testng.TestNG.runSuitesLocally(TestNG.java:1226)
	at org.testng.TestNG.runSuites(TestNG.java:1144)
	at org.testng.TestNG.run(TestNG.java:1115)
	at org.testng.remote.AbstractRemoteTestNG.run(AbstractRemoteTestNG.java:115)
	at org.testng.remote.RemoteTestNG.initAndRun(RemoteTestNG.java:251)
	at org.testng.remote.RemoteTestNG.main(RemoteTestNG.java:77)
]]>
    </error>
  </testcase> <!-- SetUp -->
  <testcase classname="com.qa.honohr.TC_02_HomePage" name="login" time="0.000">
    <skipped/>
  </testcase> <!-- login -->
  <testcase classname="com.qa.honohr.TC_02_HomePage" name="clickMenu" time="0.000">
    <skipped/>
  </testcase> <!-- clickMenu -->
  <testcase classname="com.qa.honohr.TC_02_HomePage" name="clickBankDetails" time="0.000">
    <skipped/>
  </testcase> <!-- clickBankDetails -->
  <testcase classname="com.qa.honohr.TC_02_HomePage" name="selectItem" time="0.000">
    <skipped/>
  </testcase> <!-- selectItem -->
</testsuite> <!-- com.qa.honohr.TC_02_HomePage -->
